0 info it worked if it ends with ok
1 verbose cli [ '/usr/local/bin/node',
1 verbose cli   '/usr/local/bin/npm',
1 verbose cli   'run',
1 verbose cli   'test:local',
1 verbose cli   '4-module',
1 verbose cli   '2-task' ]
2 info using npm@3.10.10
3 info using node@v6.11.3
4 verbose run-script [ 'pretest:local', 'test:local', 'posttest:local' ]
5 info lifecycle nodejs-basic-tasks-ru@1.0.0~pretest:local: nodejs-basic-tasks-ru@1.0.0
6 silly lifecycle nodejs-basic-tasks-ru@1.0.0~pretest:local: no script for pretest:local, continuing
7 info lifecycle nodejs-basic-tasks-ru@1.0.0~test:local: nodejs-basic-tasks-ru@1.0.0
8 verbose lifecycle nodejs-basic-tasks-ru@1.0.0~test:local: unsafe-perm in lifecycle true
9 verbose lifecycle nodejs-basic-tasks-ru@1.0.0~test:local: PATH: /usr/local/lib/node_modules/npm/bin/node-gyp-bin:/Users/rassokhina/work/node-workshop/nodejs-20190820_evgeniia/node_modules/.bin:/Users/rassokhina/.pyenv/shims:/usr/local/bin:/Users/rassokhina/.nvm/versions/node/v8.9.1/bin:/usr/local/bin:/usr/bin:/bin:/usr/sbin:/sbin
10 verbose lifecycle nodejs-basic-tasks-ru@1.0.0~test:local: CWD: /Users/rassokhina/work/node-workshop/nodejs-20190820_evgeniia
11 silly lifecycle nodejs-basic-tasks-ru@1.0.0~test:local: Args: [ '-c',
11 silly lifecycle   'cross-env NODE_ENV=test node --no-warnings local.js "4-module" "2-task"' ]
12 silly lifecycle nodejs-basic-tasks-ru@1.0.0~test:local: Returned: code: 1  signal: null
13 info lifecycle nodejs-basic-tasks-ru@1.0.0~test:local: Failed to exec test:local script
14 verbose stack Error: nodejs-basic-tasks-ru@1.0.0 test:local: `cross-env NODE_ENV=test node --no-warnings local.js "4-module" "2-task"`
14 verbose stack Exit status 1
14 verbose stack     at EventEmitter.<anonymous> (/usr/local/lib/node_modules/npm/lib/utils/lifecycle.js:255:16)
14 verbose stack     at emitTwo (events.js:106:13)
14 verbose stack     at EventEmitter.emit (events.js:191:7)
14 verbose stack     at ChildProcess.<anonymous> (/usr/local/lib/node_modules/npm/lib/utils/spawn.js:40:14)
14 verbose stack     at emitTwo (events.js:106:13)
14 verbose stack     at ChildProcess.emit (events.js:191:7)
14 verbose stack     at maybeClose (internal/child_process.js:920:16)
14 verbose stack     at Process.ChildProcess._handle.onexit (internal/child_process.js:230:5)
15 verbose pkgid nodejs-basic-tasks-ru@1.0.0
16 verbose cwd /Users/rassokhina/work/node-workshop/nodejs-20190820_evgeniia
17 error Darwin 18.0.0
18 error argv "/usr/local/bin/node" "/usr/local/bin/npm" "run" "test:local" "4-module" "2-task"
19 error node v6.11.3
20 error npm  v3.10.10
21 error code ELIFECYCLE
22 error nodejs-basic-tasks-ru@1.0.0 test:local: `cross-env NODE_ENV=test node --no-warnings local.js "4-module" "2-task"`
22 error Exit status 1
23 error Failed at the nodejs-basic-tasks-ru@1.0.0 test:local script 'cross-env NODE_ENV=test node --no-warnings local.js "4-module" "2-task"'.
23 error Make sure you have the latest version of node.js and npm installed.
23 error If you do, this is most likely a problem with the nodejs-basic-tasks-ru package,
23 error not with npm itself.
23 error Tell the author that this fails on your system:
23 error     cross-env NODE_ENV=test node --no-warnings local.js "4-module" "2-task"
23 error You can get information on how to open an issue for this project with:
23 error     npm bugs nodejs-basic-tasks-ru
23 error Or if that isn't available, you can get their info via:
23 error     npm owner ls nodejs-basic-tasks-ru
23 error There is likely additional logging output above.
24 verbose exit [ 1, true ]
